


ARM Macro Assembler    Page 1 


    1 00000000 E000ED04 
                       JD_ICRS EQU              0XE000ED04  ;ä¸­æ–­æ§åˆ¶åŠçŠ¶
                                                            æ€å¯„å­˜å™¨
    2 00000000 E000ED23 
                       JD_PRI_14
                               EQU              0XE000ED23  ;PendSVçš„ä¼˜å…ˆçº§
                                                            è®¾ç½®å¯„å­˜å™¨
    3 00000000 E000E010 
                       JD_SYSTICK_CTRL
                               EQU              0xE000E010  ;SysTickæ§åˆ¶åŠçŠ
                                                            ¶æ€å¯„å­˜å™¨
    4 00000000         
    5 00000000                 IMPORT           jd_task_stack_sp
    6 00000000                 IMPORT           jd_task_next_stack_sp
    7 00000000                 AREA             |.text|, CODE, READONLY, ALIGN=
3
    8 00000000         
    9 00000000         
   10 00000000         
   11 00000000         jd_asm_task_first_switch
                               PROC                         ;è¿›å…¥main
   12 00000000                 EXPORT           jd_asm_task_first_switch
   13 00000000         
   14 00000000         ;è®¾ç½®PendSVçš„ä¼˜å…ˆçº§ä¸º255
   15 00000000 4B20            LDR              R3,=JD_PRI_14
   16 00000002 F04F 02FF       LDR              R2,=0X000000FF
   17 00000006 601A            STR              R2,[R3]
   18 00000008         
   19 00000008         ;ç¬¬ä¸€æ¬¡è¿›å…¥ä»»åŠ¡ï¼Œä¸»è¦ç›®çš„æ˜¯å®šä½å †æ ˆï¼Œè
                       ¿›å…¥ç¨‹åºå…¥å£ï¼Œå…¶ä»–æ•°æ®æ— ç”¨
   20 00000008 6800            LDR              R0,[R0]
   21 0000000A 4685            MOV              SP,R0
   22 0000000C 468E            MOV              LR,R1
   23 0000000E         
   24 0000000E         ;MOV R0, #0x3 ; è®¾ç½®CONTROLå¯„å­˜å™¨ï¼Œè®©ç”¨æˆ·ç¨‹åº
                       ä½¿ç”¨PSPï¼Œæ²¡æœ‰å†…å­˜ç®¡ç†ï¼ŒPSPæ¨¡å¼ä¸‹æ— æ³•åˆ†é…
                       ç³»ç»Ÿç©ºé—´
   25 0000000E         ;MSR CONTROL,R0
   26 0000000E         ;ORR LR,#0XD ; åˆ‡æ¢åˆ°ç”¨æˆ·æ ˆæŒ‡é’ˆ
   27 0000000E B662            CPSIE            i           ;å¼€ä¸­æ–­
   28 00000010 4770            BX               LR
   29 00000012                 ENDP
   30 00000012         
   31 00000012         jd_asm_task_exit_switch
                               PROC                         ;ä»»åŠ¡ç»“æŸè¿è¡Œ
                                                            ï¼ˆæ²¡æœ‰whileï¼‰ï¼
                                                            Œåˆ‡æ¢ä¸‹ä¸€ä¸ªä»»
                                                            åŠ¡
   32 00000012                 EXPORT           jd_asm_task_exit_switch
   33 00000012 B672            CPSID            i           ;å…³ä¸­æ–­
   34 00000014         
   35 00000014         ;å–ä¸‹ä¸€ä¸ªä»»åŠ¡çš„å †æ ˆæŒ‡é’ˆ,æ¢å¤ç°åœº
   36 00000014 491C            LDR              R1,=jd_task_next_stack_sp
   37 00000016 6809            LDR              R1,[R1]
   38 00000018 6808            LDR              R0,[R1]
   39 0000001A E8B0 0FF0       LDMFD            R0!,{R4-R11}
   40 0000001E 4685            MOV              SP,R0
   41 00000020         
   42 00000020         ;MOV R0, #0x3 ; è®¾ç½®CONTROLå¯„å­˜å™¨ï¼Œè®©ç”¨æˆ·ç¨‹åº



ARM Macro Assembler    Page 2 


                       ä½¿ç”¨PSPï¼Œæ²¡æœ‰å†…å­˜ç®¡ç†ï¼ŒPSPæ¨¡å¼ä¸‹æ— æ³•åˆ†é…
                       ç³»ç»Ÿç©ºé—´
   43 00000020         ;MSR CONTROL,R0
   44 00000020         ;ORR LR,#0XD ; åˆ‡æ¢åˆ°ç”¨æˆ·æ ˆæŒ‡é’ˆ
   45 00000020 B662            CPSIE            i           ;å¼€ä¸­æ–­
   46 00000022 4770            BX               LR
   47 00000024                 ENDP
   48 00000024         
   49 00000024         
   50 00000024         jd_asm_svc_handler
                               PROC                         ;SVCå¤„ç†
   51 00000024                 EXPORT           jd_asm_svc_handler
   52 00000024         ;å¼€å§‹è¯»å–å‚æ•°
   53 00000024 F01E 0F04       TST              LR, #0x4    ; æµ‹è¯•EXC_RETURNç
                                                            š„æ¯”ç‰¹2
   54 00000028 BF0C            ITE              EQ          ; å¦‚æœä¸º0,
   55 0000002A F3EF 8008       MRSEQ            R0, MSP     ; åˆ™ä½¿ç”¨çš„æ˜¯ä¸
                                                            »å †æ ˆï¼Œæ•…æŠŠMSP
                                                            çš„å€¼å–å‡º
   56 0000002E F3EF 8009       MRSNE            R0, PSP     ; å¦åˆ™, ä½¿ç”¨çš„
                                                            æ˜¯è¿›ç¨‹å †æ ˆï¼Œæ
                                                            •…æŠŠMSPçš„å€¼å–å‡
                                                            º
   57 00000032 E7FE            B                jd_asm_task_exit_switch
   58 00000034                 ENDP
   59 00000034         
   60 00000034         jd_asm_svc_call
                               PROC                         ;SVC call
   61 00000034                 EXPORT           jd_asm_svc_call
   62 00000034 DF00            SVC              0
   63 00000036                 ENDP
   64 00000036         
   65 00000036         
   66 00000036         jd_asm_pendsv_putup
                               PROC                         ;æ‚¬æŒ‚PendSVå¼‚å¸¸
                                                            
   67 00000036                 EXPORT           jd_asm_pendsv_putup
   68 00000036 4815            LDR              R0,=JD_ICRS
   69 00000038 F04F 5180       LDR              R1,=0X10000000
   70 0000003C 6001            STR              R1,[R0]
   71 0000003E 4770            BX               LR
   72 00000040                 ENDP
   73 00000040         
   74 00000040         
   75 00000040         
   76 00000040         jd_asm_systick_init
                               PROC                         ;systickåˆå§‹åŒ–ï¼
                                                            Œhalåº“å·²ç»åˆå§‹
                                                            åŒ–ï¼Œè¿™é‡Œä¸å¯è
                                                            °ƒç”¨
   77 00000040                 EXPORT           jd_asm_systick_init
   78 00000040 B672            CPSID            i           ;å…³ä¸­æ–­
   79 00000042         
   80 00000042 4813            LDR              R0, =JD_SYSTICK_CTRL ; åŠ è½½JD
                                                            _SYSTICK_CTRLçš„åœ°
                                                            å€
   81 00000044 F04F 0100       MOV              R1, #0
   82 00000048 6001            STR              R1, [R0]    ; å…ˆåœæ­¢SysTickï
                                                            ¼Œä»¥é˜²æ„å¤–äº§ç”



ARM Macro Assembler    Page 3 


                                                            Ÿå¼‚å¸¸è¯·æ±‚
   83 0000004A         
   84 0000004A F240 31FF       LDR              R1, =0x3FF  ; è®©SysTickæ¯1024
                                                            å‘¨æœŸè®¡å®Œä¸€æ¬¡ã
                                                            €‚
   85 0000004E 6041            STR              R1, [R0,#4] ; å†™å…¥é‡è£…è½½çš
                                                            „å€¼
   86 00000050 6081            STR              R1, [R0,#8] ; å¾€STCVRä¸­å†™ä»»
                                                            æ„çš„æ•°ï¼Œä»¥ç¡®ä
                                                            ¿æ¸…é™¤COUNTFLAGæ 
                                                            ‡å¿—
   87 00000052         
   88 00000052 F04F 0107       MOV              R1, #0x7    ; é€‰æ‹©FCLKä½œä¸ºæ
                                                            —¶é’Ÿæºï¼Œå¹¶ä½¿èƒ
                                                            ½SysTickåŠå…¶å¼‚å¸
                                                            ¸è¯·æ±‚
   89 00000056 6001            STR              R1, [R0]    ; å†™å…¥æ•°å€¼ï¼Œå¼
                                                            €å¯å®šæ—¶å™¨
   90 00000058         
   91 00000058 B662            CPSIE            i           ;å¼€ä¸­æ–­
   92 0000005A 4770            BX               LR
   93 0000005C                 ENDP
   94 0000005C         
   95 0000005C         jd_asm_cps_disable
                               PROC                         ;é™¤èƒ½åœ¨ NMI å’Œç
                                                            ¡¬ fault ä¹‹å¤–çš„æ
                                                            ‰€æœ‰å¼‚å¸¸
   96 0000005C                 EXPORT           jd_asm_cps_disable
   97 0000005C B672            CPSID            i           ;å…³ä¸­æ–­
   98 0000005E 4770            BX               LR          ;
   99 00000060                 ENDP
  100 00000060         
  101 00000060         jd_asm_cps_enable
                               PROC                         ;ä½¿èƒ½ä¸­æ–­
  102 00000060                 EXPORT           jd_asm_cps_enable
  103 00000060 B662            CPSIE            i           ;å¼€ä¸­æ–­
  104 00000062 4770            BX               LR          ;
  105 00000064                 ENDP
  106 00000064         
  107 00000064         
  108 00000064         jd_asm_pendsv_handler
                               PROC                         ;åˆ‡æ¢ä¸Šä¸‹æ–‡
  109 00000064                 EXPORT           jd_asm_pendsv_handler
  110 00000064 B672            CPSID            i           ;å…³ä¸­æ–­
  111 00000066         
  112 00000066 4668            MOV              R0,SP
  113 00000068 E920 0FF0       STMFD            R0!,{R4-R11}
  114 0000006C         
  115 0000006C         ;ä¿æŠ¤ç°åœºï¼Œå°†å †æ ˆæŒ‡é’ˆä¼ å‡º
  116 0000006C 4909            LDR              R1,=jd_task_stack_sp
  117 0000006E 6809            LDR              R1,[R1]
  118 00000070 6008            STR              R0,[R1]
  119 00000072         
  120 00000072         ;å–ä¸‹ä¸€ä¸ªä»»åŠ¡çš„å †æ ˆæŒ‡é’ˆ,æ¢å¤ç°åœº
  121 00000072 4905            LDR              R1,=jd_task_next_stack_sp
  122 00000074 6809            LDR              R1,[R1]
  123 00000076 6808            LDR              R0,[R1]
  124 00000078 E8B0 0FF0       LDMFD            R0!,{R4-R11}
  125 0000007C 4685            MOV              SP,R0



ARM Macro Assembler    Page 4 


  126 0000007E         
  127 0000007E         ;ORR LR,#0XD ; åˆ‡æ¢åˆ°ç”¨æˆ·æ ˆæŒ‡é’ˆ
  128 0000007E B662            CPSIE            i           ;å¼€ä¸­æ–­
  129 00000080 4770            BX               LR
  130 00000082                 ENDP
  131 00000082         ;é˜²æ­¢ç¼–è¯‘å™¨æŠ¥è­¦
  132 00000082 BF00            NOP
  133 00000084                 END
              E000ED23 
              00000000 
              E000ED04 
              E000E010 
              00000000 
Command Line: --debug --xref --diag_suppress=9931 --cpu=Cortex-M3 --apcs=interw
ork --depend=jdos\jd_cortex-m3.d -ojdos\jd_cortex-m3.o -I.\RTE\_jdos -ID:\Keil_
V5\Packs\ARM\CMSIS\5.5.1\CMSIS\Core\Include -ID:\Keil_V5\Packs\Keil\STM32F1xx_D
FP\2.3.0\Device\Include --predefine="__MICROLIB SETA 1" --predefine="__UVISION_
VERSION SETA 528" --predefine="_RTE_ SETA 1" --predefine="STM32F10X_HD SETA 1" 
--list=jd_cortex-m3.lst ..\jd_Cortex-M3.s



ARM Macro Assembler    Page 1 Alphabetic symbol ordering
Relocatable symbols

.text 00000000

Symbol: .text
   Definitions
      At line 7 in file ..\jd_Cortex-M3.s
   Uses
      None
Comment: .text unused
jd_asm_cps_disable 0000005C

Symbol: jd_asm_cps_disable
   Definitions
      At line 95 in file ..\jd_Cortex-M3.s
   Uses
      At line 96 in file ..\jd_Cortex-M3.s
Comment: jd_asm_cps_disable used once
jd_asm_cps_enable 00000060

Symbol: jd_asm_cps_enable
   Definitions
      At line 101 in file ..\jd_Cortex-M3.s
   Uses
      At line 102 in file ..\jd_Cortex-M3.s
Comment: jd_asm_cps_enable used once
jd_asm_pendsv_handler 00000064

Symbol: jd_asm_pendsv_handler
   Definitions
      At line 108 in file ..\jd_Cortex-M3.s
   Uses
      At line 109 in file ..\jd_Cortex-M3.s
Comment: jd_asm_pendsv_handler used once
jd_asm_pendsv_putup 00000036

Symbol: jd_asm_pendsv_putup
   Definitions
      At line 66 in file ..\jd_Cortex-M3.s
   Uses
      At line 67 in file ..\jd_Cortex-M3.s
Comment: jd_asm_pendsv_putup used once
jd_asm_svc_call 00000034

Symbol: jd_asm_svc_call
   Definitions
      At line 60 in file ..\jd_Cortex-M3.s
   Uses
      At line 61 in file ..\jd_Cortex-M3.s
Comment: jd_asm_svc_call used once
jd_asm_svc_handler 00000024

Symbol: jd_asm_svc_handler
   Definitions
      At line 50 in file ..\jd_Cortex-M3.s
   Uses
      At line 51 in file ..\jd_Cortex-M3.s
Comment: jd_asm_svc_handler used once
jd_asm_systick_init 00000040

Symbol: jd_asm_systick_init



ARM Macro Assembler    Page 2 Alphabetic symbol ordering
Relocatable symbols

   Definitions
      At line 76 in file ..\jd_Cortex-M3.s
   Uses
      At line 77 in file ..\jd_Cortex-M3.s
Comment: jd_asm_systick_init used once
jd_asm_task_exit_switch 00000012

Symbol: jd_asm_task_exit_switch
   Definitions
      At line 31 in file ..\jd_Cortex-M3.s
   Uses
      At line 32 in file ..\jd_Cortex-M3.s
      At line 57 in file ..\jd_Cortex-M3.s

jd_asm_task_first_switch 00000000

Symbol: jd_asm_task_first_switch
   Definitions
      At line 11 in file ..\jd_Cortex-M3.s
   Uses
      At line 12 in file ..\jd_Cortex-M3.s
Comment: jd_asm_task_first_switch used once
10 symbols



ARM Macro Assembler    Page 1 Alphabetic symbol ordering
Absolute symbols

JD_ICRS E000ED04

Symbol: JD_ICRS
   Definitions
      At line 1 in file ..\jd_Cortex-M3.s
   Uses
      At line 68 in file ..\jd_Cortex-M3.s
Comment: JD_ICRS used once
JD_PRI_14 E000ED23

Symbol: JD_PRI_14
   Definitions
      At line 2 in file ..\jd_Cortex-M3.s
   Uses
      At line 15 in file ..\jd_Cortex-M3.s
Comment: JD_PRI_14 used once
JD_SYSTICK_CTRL E000E010

Symbol: JD_SYSTICK_CTRL
   Definitions
      At line 3 in file ..\jd_Cortex-M3.s
   Uses
      At line 80 in file ..\jd_Cortex-M3.s
Comment: JD_SYSTICK_CTRL used once
3 symbols



ARM Macro Assembler    Page 1 Alphabetic symbol ordering
External symbols

jd_task_next_stack_sp 00000000

Symbol: jd_task_next_stack_sp
   Definitions
      At line 6 in file ..\jd_Cortex-M3.s
   Uses
      At line 36 in file ..\jd_Cortex-M3.s
      At line 121 in file ..\jd_Cortex-M3.s

jd_task_stack_sp 00000000

Symbol: jd_task_stack_sp
   Definitions
      At line 5 in file ..\jd_Cortex-M3.s
   Uses
      At line 116 in file ..\jd_Cortex-M3.s
Comment: jd_task_stack_sp used once
2 symbols
351 symbols in table
