


ARM Macro Assembler    Page 1 


    1 00000000         ; @Author: æ±Ÿå°é‰´ abyss_er@163.com
    2 00000000         ; @Date: 2024-09-18 14:56:45
    3 00000000         ; @LastEditors: æ±Ÿå°é‰´ abyss_er@163.com
    4 00000000         ; @LastEditTime: 2024-09-26 13:10:46
    5 00000000         ; @FilePath: \jdos\jd_cm3.s
    6 00000000         ; @Description: æ±‡ç¼–æ–‡ä»¶
    7 00000000         
    8 00000000 E000ED04 
                       JD_ICRS EQU              0XE000ED04  ;ä¸­æ–­æ§åˆ¶åŠçŠ¶
                                                            æ€å¯„å­˜å™¨
    9 00000000 E000ED23 
                       JD_PRI_14
                               EQU              0XE000ED23  ;PendSVçš„ä¼˜å…ˆçº§
                                                            è®¾ç½®å¯„å­˜å™¨
   10 00000000 E000E010 
                       JD_SYSTICK_CTRL
                               EQU              0xE000E010  ;SysTickæ§åˆ¶åŠçŠ
                                                            ¶æ€å¯„å­˜å™¨
   11 00000000         
   12 00000000                 IMPORT           jd_task_stack_sp
   13 00000000                 IMPORT           jd_task_next_stack_sp
   14 00000000                 IMPORT           jd_task_entry
   15 00000000                 IMPORT           jd_task_exit_entry
   16 00000000                 AREA             |.text|, CODE, READONLY, ALIGN=
3
   17 00000000         
   18 00000000         jd_asm_task_first_switch
                               PROC                         ;è¿›å…¥main
   19 00000000                 EXPORT           jd_asm_task_first_switch
   20 00000000 B672            CPSID            i           ;å…³ä¸­æ–­
   21 00000002         
   22 00000002         ;è®¾ç½®PendSVçš„ä¼˜å…ˆçº§ä¸º255
   23 00000002 4B36            LDR              R3,=JD_PRI_14
   24 00000004 F04F 02FF       LDR              R2,=0X000000FF
   25 00000008 601A            STR              R2,[R3]
   26 0000000A         
   27 0000000A         ;ç¬¬ä¸€æ¬¡è¿›å…¥ä»»åŠ¡ï¼Œä¸»è¦ç›®çš„æ˜¯å®šä½å †æ ˆï¼Œè
                       ¿›å…¥ç¨‹åºå…¥å£ï¼Œå…¶ä»–æ•°æ®æ— ç”¨
   28 0000000A 6800            LDR              R0,[R0]
   29 0000000C         ;MOV SP,R0
   30 0000000C F380 8809       MSR              PSP, R0     ; ç”¨æˆ·ç¨‹åºå †æ 
                                                            ˆæŒ‡é’ˆ
   31 00000010 468E            MOV              LR,R1
   32 00000012         
   33 00000012 F04F 0003       MOV              R0, #0x3    ; è®¾ç½®CONTROLå¯„å
                                                            ­˜å™¨ï¼Œè®©ç”¨æˆ·ç¨
                                                            ‹åºä½¿ç”¨PSP
   34 00000016 F380 8814       MSR              CONTROL,R0
   35 0000001A         
   36 0000001A B662            CPSIE            i           ;å¼€ä¸­æ–­
   37 0000001C 4770            BX               LR
   38 0000001E                 ENDP
   39 0000001E         
   40 0000001E         jd_asm_task_exit_switch
                               PROC                         ;ä»»åŠ¡ç»“æŸè¿è¡Œ
                                                            ï¼ˆæ²¡æœ‰whileï¼‰ï¼
                                                            Œåˆ‡æ¢ä¸‹ä¸€ä¸ªä»»
                                                            åŠ¡
   41 0000001E                 EXPORT           jd_asm_task_exit_switch



ARM Macro Assembler    Page 2 


   42 0000001E B672            CPSID            i           ;å…³ä¸­æ–­
   43 00000020         
   44 00000020         ; æ­¤å¤„åº”è¯¥ç¡¬æ€§æ”¹å˜å †æ ˆä¸­LRä¸PCçš„ï¼Œç›¸å½“äº
                       å›å¤ç¬¬ä¸€æ¬¡æ‰§è¡Œçš„ç¨‹åºå…¥å£æ•°æ®
   45 00000020 492F            LDR              R1,=jd_task_entry ;æ­¤æ¬¡ç¨‹åº
                                                            çš„å…¥å£åœ°å€
   46 00000022 6809            LDR              R1,[R1]
   47 00000024         
   48 00000024 4A2F            LDR              R2,=jd_task_exit_entry ;æ­¤æ¬¡ç
                                                            ¨‹åºçš„exitçš„å…¥å
                                                            £åœ°å€
   49 00000026 6812            LDR              R2,[R2]
   50 00000028         
   51 00000028 482F            LDR              R0,=jd_task_stack_sp ;æ­¤æ¬¡ä»»
                                                            åŠ¡çš„æ ˆæŒ‡é’ˆ
   52 0000002A 6800            LDR              R0,[R0]
   53 0000002C 6800            LDR              R0,[R0]
   54 0000002E 6381            STR              R1,[R0,#56]
   55 00000030 6342            STR              R2,[R0,#52]
   56 00000032         
   57 00000032         ;å–ä¸‹ä¸€ä¸ªä»»åŠ¡çš„å †æ ˆæŒ‡é’ˆ,æ¢å¤ç°åœº
   58 00000032 492E            LDR              R1,=jd_task_next_stack_sp
   59 00000034 6809            LDR              R1,[R1]
   60 00000036 6808            LDR              R0,[R1]
   61 00000038 E8B0 0FF0       LDMFD            R0!,{R4-R11}
   62 0000003C         ;MOV SP,R0
   63 0000003C F380 8809       MSR              PSP, R0     ; ç”¨æˆ·ç¨‹åºå †æ 
                                                            ˆæŒ‡é’ˆ
   64 00000040         
   65 00000040 F04F 0003       MOV              R0, #0x3    ; è®¾ç½®CONTROLå¯„å
                                                            ­˜å™¨ï¼Œè®©ç”¨æˆ·ç¨
                                                            ‹åºä½¿ç”¨PSPï¼Œæ²¡
                                                            æœ‰å†…å­˜ç®¡ç†ï¼ŒP
                                                            SPæ¨¡å¼ä¸‹æ— æ³•åˆ
                                                            †é…ç³»ç»Ÿç©ºé—´
   66 00000044 F380 8814       MSR              CONTROL,R0
   67 00000048         
   68 00000048 B662            CPSIE            i           ;å¼€ä¸­æ–­
   69 0000004A 4770            BX               LR
   70 0000004C                 ENDP
   71 0000004C         
   72 0000004C         
   73 0000004C         jd_asm_svc_handler
                               PROC                         ;SVCå¤„ç†
   74 0000004C                 EXPORT           jd_asm_svc_handler
   75 0000004C         
   76 0000004C F01E 0F04       TST              LR, #0x4    ; æµ‹è¯•EXC_RETURNç
                                                            š„æ¯”ç‰¹2
   77 00000050 BF0C            ITE              EQ          ; å¦‚æœä¸º0,
   78 00000052 F3EF 8008       MRSEQ            R0, MSP     ; åˆ™ä½¿ç”¨çš„æ˜¯ä¸
                                                            »å †æ ˆï¼Œæ•…æŠŠMSP
                                                            çš„å€¼å–å‡º
   79 00000056 F3EF 8009       MRSNE            R0, PSP     ; å¦åˆ™, ä½¿ç”¨çš„
                                                            æ˜¯è¿›ç¨‹å †æ ˆï¼Œæ
                                                            •…æŠŠMSPçš„å€¼å–å‡
                                                            º
   80 0000005A         ;  è·å–è¿”å›åœ°å€ (åŸç†æ˜¯ä¸å‘ç”Ÿå¼‚å¸¸æ—¶ç¡¬ä»¶
                       å‹æ ˆçš„é¡ºåºç›¸å…³)
   81 0000005A         ;  è¿™é‡Œè·å¾—è¿”å›åœ°å€çš„åŸå› æ˜¯ä¸ºäº†å®šä½äº§ç”



ARM Macro Assembler    Page 3 


                       Ÿå¼‚å¸¸å‰æ‰§è¡Œçš„æœ€åä¸€æ¡æŒ‡ä»¤ï¼Œä¹Ÿå°±æ˜¯SVCæŒ‡ä
                       »¤
   82 0000005A 6981            LDR              R1, [R0, #24]
   83 0000005C         
   84 0000005C         ; è·å–SVCæŒ‡ä»¤çš„ä½8ä½ï¼Œä¹Ÿå°±æ˜¯ç³»ç»Ÿè°ƒç”¨å·ï¼
                       Œè¿”å›åœ°å€çš„ä¸Šä¸€æ¡å°±æ˜¯SVCæŒ‡ä»¤ï¼Œè·å–çš„æ˜¯æ
                       œºå™¨ç 
   85 0000005C F811 1C02       LDRB             R1, [R1, #-2]
   86 00000060         
   87 00000060         ;svc_0æœåŠ¡ï¼Œä»»åŠ¡è‡ªåŠ¨åˆ‡æ¢ä¸‹ä¸€ä¸ªä»»åŠ¡
   88 00000060 2900            CMP              R1, #0
   89 00000062 D002            BEQ              svc_handler_0
   90 00000064         
   91 00000064         ;svc_1æœåŠ¡ï¼Œä»»åŠ¡ä¸­æ²¡æœ‰whileå¾ªç¯ï¼Œæ‰§è¡Œå®Œæˆ
                       åé€€å‡ºï¼Œéœ€è¦ç³»ç»Ÿå¯¹ä»»åŠ¡è¿›è¡Œæ“ä½œ
   92 00000064 2901            CMP              R1, #1
   93 00000066 D002            BEQ              svc_handler_1
   94 00000068 4770            BX               LR
   95 0000006A         svc_handler_0
   96 0000006A E7FE            B                jd_asm_pendsv_handler 
                                                            ;æ­£å¸¸åˆ‡æ¢
   97 0000006C 4770            BX               LR
   98 0000006E         svc_handler_1
   99 0000006E E7FE            B                jd_asm_task_exit_switch
  100 00000070 4770            BX               LR
  101 00000072                 ENDP
  102 00000072         
  103 00000072         jd_asm_svc_task_switch
                               PROC                         ;SVC call
  104 00000072                 EXPORT           jd_asm_svc_task_switch
  105 00000072 B662            CPSIE            i           ;å¼€ä¸­æ–­
  106 00000074 DF00            SVC              0
  107 00000076 4770            BX               LR
  108 00000078                 ENDP
  109 00000078         
  110 00000078         jd_asm_svc_task_exit
                               PROC                         ;SVC call
  111 00000078                 EXPORT           jd_asm_svc_task_exit
  112 00000078 B662            CPSIE            i           ;å¼€ä¸­æ–­
  113 0000007A DF01            SVC              1
  114 0000007C 4770            BX               LR
  115 0000007E                 ENDP
  116 0000007E         
  117 0000007E         
  118 0000007E         jd_asm_systick_init
                               PROC                         ;systickåˆå§‹åŒ–ï¼
                                                            Œhalåº“å·²ç»åˆå§‹
                                                            åŒ–ï¼Œè¿™é‡Œä¸å¯è
                                                            °ƒç”¨
  119 0000007E                 EXPORT           jd_asm_systick_init
  120 0000007E B672            CPSID            i           ;å…³ä¸­æ–­
  121 00000080         
  122 00000080 481B            LDR              R0, =JD_SYSTICK_CTRL ; åŠ è½½JD
                                                            _SYSTICK_CTRLçš„åœ°
                                                            å€
  123 00000082 F04F 0100       MOV              R1, #0
  124 00000086 6001            STR              R1, [R0]    ; å…ˆåœæ­¢SysTickï
                                                            ¼Œä»¥é˜²æ„å¤–äº§ç”
                                                            Ÿå¼‚å¸¸è¯·æ±‚



ARM Macro Assembler    Page 4 


  125 00000088         
  126 00000088 F240 31FF       LDR              R1, =0x3FF  ; è®©SysTickæ¯1024
                                                            å‘¨æœŸè®¡å®Œä¸€æ¬¡ã
                                                            €‚
  127 0000008C 6041            STR              R1, [R0,#4] ; å†™å…¥é‡è£…è½½çš
                                                            „å€¼
  128 0000008E 6081            STR              R1, [R0,#8] ; å¾€STCVRä¸­å†™ä»»
                                                            æ„çš„æ•°ï¼Œä»¥ç¡®ä
                                                            ¿æ¸…é™¤COUNTFLAGæ 
                                                            ‡å¿—
  129 00000090         
  130 00000090 F04F 0107       MOV              R1, #0x7    ; é€‰æ‹©FCLKä½œä¸ºæ
                                                            —¶é’Ÿæºï¼Œå¹¶ä½¿èƒ
                                                            ½SysTickåŠå…¶å¼‚å¸
                                                            ¸è¯·æ±‚
  131 00000094 6001            STR              R1, [R0]    ; å†™å…¥æ•°å€¼ï¼Œå¼
                                                            €å¯å®šæ—¶å™¨
  132 00000096         
  133 00000096 B662            CPSIE            i           ;å¼€ä¸­æ–­
  134 00000098 4770            BX               LR
  135 0000009A                 ENDP
  136 0000009A         
  137 0000009A         jd_asm_cps_disable
                               PROC                         ;é™¤èƒ½åœ¨ NMI å’Œç
                                                            ¡¬ fault ä¹‹å¤–çš„æ
                                                            ‰€æœ‰å¼‚å¸¸
  138 0000009A                 EXPORT           jd_asm_cps_disable
  139 0000009A B672            CPSID            i           ;å…³ä¸­æ–­
  140 0000009C 4770            BX               LR          ;
  141 0000009E                 ENDP
  142 0000009E         
  143 0000009E         jd_asm_cps_enable
                               PROC                         ;ä½¿èƒ½ä¸­æ–­
  144 0000009E                 EXPORT           jd_asm_cps_enable
  145 0000009E B662            CPSIE            i           ;å¼€ä¸­æ–­
  146 000000A0 4770            BX               LR          ;
  147 000000A2                 ENDP
  148 000000A2         
  149 000000A2         jd_asm_pendsv_putup
                               PROC                         ;æ‚¬æŒ‚PendSVå¼‚å¸¸
                                                            
  150 000000A2                 EXPORT           jd_asm_pendsv_putup
  151 000000A2 B672            CPSID            i           ;å…³ä¸­æ–­
  152 000000A4         
  153 000000A4 4813            LDR              R0,=JD_ICRS
  154 000000A6 F04F 5180       LDR              R1,=0X10000000
  155 000000AA 6001            STR              R1,[R0]
  156 000000AC         
  157 000000AC B662            CPSIE            i           ;å¼€ä¸­æ–­
  158 000000AE 4770            BX               LR
  159 000000B0                 ENDP
  160 000000B0         
  161 000000B0         jd_asm_pendsv_handler
                               PROC                         ;åˆ‡æ¢ä¸Šä¸‹æ–‡
  162 000000B0                 EXPORT           jd_asm_pendsv_handler
  163 000000B0 B672            CPSID            i           ;å…³ä¸­æ–­
  164 000000B2         
  165 000000B2         ;MOV R0,SP
  166 000000B2         



ARM Macro Assembler    Page 5 


  167 000000B2 F3EF 8009       MRS              R0,PSP      ; ç”¨æˆ·ç¨‹åºå †æ 
                                                            ˆæŒ‡é’ˆ
  168 000000B6         
  169 000000B6 E920 0FF0       STMFD            R0!,{R4-R11}
  170 000000BA         
  171 000000BA         ;ä¿æŠ¤ç°åœºï¼Œå°†å †æ ˆæŒ‡é’ˆä¼ å‡º
  172 000000BA 490B            LDR              R1,=jd_task_stack_sp
  173 000000BC 6809            LDR              R1,[R1]
  174 000000BE 6008            STR              R0,[R1]
  175 000000C0         
  176 000000C0         ;å–ä¸‹ä¸€ä¸ªä»»åŠ¡çš„å †æ ˆæŒ‡é’ˆ,æ¢å¤ç°åœº
  177 000000C0 490A            LDR              R1,=jd_task_next_stack_sp
  178 000000C2 6809            LDR              R1,[R1]
  179 000000C4 6808            LDR              R0,[R1]
  180 000000C6 E8B0 0FF0       LDMFD            R0!,{R4-R11}
  181 000000CA         ;MOV SP,R0
  182 000000CA F380 8809       MSR              PSP, R0     ; ç”¨æˆ·ç¨‹åºå †æ 
                                                            ˆæŒ‡é’ˆ
  183 000000CE         
  184 000000CE F04F 0003       MOV              R0, #0x3    ; è®¾ç½®CONTROLå¯„å
                                                            ­˜å™¨ï¼Œè®©ç”¨æˆ·ç¨
                                                            ‹åºä½¿ç”¨PSPï¼Œæ²¡
                                                            æœ‰å†…å­˜ç®¡ç†ï¼ŒP
                                                            SPæ¨¡å¼ä¸‹æ— æ³•åˆ
                                                            †é…ç³»ç»Ÿç©ºé—´
  185 000000D2 F380 8814       MSR              CONTROL,R0
  186 000000D6         
  187 000000D6         
  188 000000D6 B662            CPSIE            i           ;å¼€ä¸­æ–­
  189 000000D8 4770            BX               LR
  190 000000DA                 ENDP
  191 000000DA         ;é˜²æ­¢ç¼–è¯‘å™¨æŠ¥è­¦
  192 000000DA BF00            NOP
  193 000000DC                 END
              E000ED23 
              00000000 
              00000000 
              00000000 
              00000000 
              E000E010 
              E000ED04 
Command Line: --debug --xref --diag_suppress=9931 --cpu=Cortex-M3 --apcs=interw
ork --depend=jdos\jd_cm3.d -ojdos\jd_cm3.o -I.\RTE\_jdos -ID:\Keil_V5\Packs\ARM
\CMSIS\5.5.1\CMSIS\Core\Include -ID:\Keil_V5\Packs\Keil\STM32F1xx_DFP\2.3.0\Dev
ice\Include --predefine="__UVISION_VERSION SETA 528" --predefine="_RTE_ SETA 1"
 --predefine="STM32F10X_HD SETA 1" --list=jd_cm3.lst ..\jd_cm3.s



ARM Macro Assembler    Page 1 Alphabetic symbol ordering
Relocatable symbols

.text 00000000

Symbol: .text
   Definitions
      At line 16 in file ..\jd_cm3.s
   Uses
      None
Comment: .text unused
jd_asm_cps_disable 0000009A

Symbol: jd_asm_cps_disable
   Definitions
      At line 137 in file ..\jd_cm3.s
   Uses
      At line 138 in file ..\jd_cm3.s
Comment: jd_asm_cps_disable used once
jd_asm_cps_enable 0000009E

Symbol: jd_asm_cps_enable
   Definitions
      At line 143 in file ..\jd_cm3.s
   Uses
      At line 144 in file ..\jd_cm3.s
Comment: jd_asm_cps_enable used once
jd_asm_pendsv_handler 000000B0

Symbol: jd_asm_pendsv_handler
   Definitions
      At line 161 in file ..\jd_cm3.s
   Uses
      At line 96 in file ..\jd_cm3.s
      At line 162 in file ..\jd_cm3.s

jd_asm_pendsv_putup 000000A2

Symbol: jd_asm_pendsv_putup
   Definitions
      At line 149 in file ..\jd_cm3.s
   Uses
      At line 150 in file ..\jd_cm3.s
Comment: jd_asm_pendsv_putup used once
jd_asm_svc_handler 0000004C

Symbol: jd_asm_svc_handler
   Definitions
      At line 73 in file ..\jd_cm3.s
   Uses
      At line 74 in file ..\jd_cm3.s
Comment: jd_asm_svc_handler used once
jd_asm_svc_task_exit 00000078

Symbol: jd_asm_svc_task_exit
   Definitions
      At line 110 in file ..\jd_cm3.s
   Uses
      At line 111 in file ..\jd_cm3.s
Comment: jd_asm_svc_task_exit used once
jd_asm_svc_task_switch 00000072




ARM Macro Assembler    Page 2 Alphabetic symbol ordering
Relocatable symbols

Symbol: jd_asm_svc_task_switch
   Definitions
      At line 103 in file ..\jd_cm3.s
   Uses
      At line 104 in file ..\jd_cm3.s
Comment: jd_asm_svc_task_switch used once
jd_asm_systick_init 0000007E

Symbol: jd_asm_systick_init
   Definitions
      At line 118 in file ..\jd_cm3.s
   Uses
      At line 119 in file ..\jd_cm3.s
Comment: jd_asm_systick_init used once
jd_asm_task_exit_switch 0000001E

Symbol: jd_asm_task_exit_switch
   Definitions
      At line 40 in file ..\jd_cm3.s
   Uses
      At line 41 in file ..\jd_cm3.s
      At line 99 in file ..\jd_cm3.s

jd_asm_task_first_switch 00000000

Symbol: jd_asm_task_first_switch
   Definitions
      At line 18 in file ..\jd_cm3.s
   Uses
      At line 19 in file ..\jd_cm3.s
Comment: jd_asm_task_first_switch used once
svc_handler_0 0000006A

Symbol: svc_handler_0
   Definitions
      At line 95 in file ..\jd_cm3.s
   Uses
      At line 89 in file ..\jd_cm3.s
Comment: svc_handler_0 used once
svc_handler_1 0000006E

Symbol: svc_handler_1
   Definitions
      At line 98 in file ..\jd_cm3.s
   Uses
      At line 93 in file ..\jd_cm3.s
Comment: svc_handler_1 used once
13 symbols



ARM Macro Assembler    Page 1 Alphabetic symbol ordering
Absolute symbols

JD_ICRS E000ED04

Symbol: JD_ICRS
   Definitions
      At line 8 in file ..\jd_cm3.s
   Uses
      At line 153 in file ..\jd_cm3.s
Comment: JD_ICRS used once
JD_PRI_14 E000ED23

Symbol: JD_PRI_14
   Definitions
      At line 9 in file ..\jd_cm3.s
   Uses
      At line 23 in file ..\jd_cm3.s
Comment: JD_PRI_14 used once
JD_SYSTICK_CTRL E000E010

Symbol: JD_SYSTICK_CTRL
   Definitions
      At line 10 in file ..\jd_cm3.s
   Uses
      At line 122 in file ..\jd_cm3.s
Comment: JD_SYSTICK_CTRL used once
3 symbols



ARM Macro Assembler    Page 1 Alphabetic symbol ordering
External symbols

jd_task_entry 00000000

Symbol: jd_task_entry
   Definitions
      At line 14 in file ..\jd_cm3.s
   Uses
      At line 45 in file ..\jd_cm3.s
Comment: jd_task_entry used once
jd_task_exit_entry 00000000

Symbol: jd_task_exit_entry
   Definitions
      At line 15 in file ..\jd_cm3.s
   Uses
      At line 48 in file ..\jd_cm3.s
Comment: jd_task_exit_entry used once
jd_task_next_stack_sp 00000000

Symbol: jd_task_next_stack_sp
   Definitions
      At line 13 in file ..\jd_cm3.s
   Uses
      At line 58 in file ..\jd_cm3.s
      At line 177 in file ..\jd_cm3.s

jd_task_stack_sp 00000000

Symbol: jd_task_stack_sp
   Definitions
      At line 12 in file ..\jd_cm3.s
   Uses
      At line 51 in file ..\jd_cm3.s
      At line 172 in file ..\jd_cm3.s

4 symbols
355 symbols in table
